<?xml version="1.0" encoding="UTF-8"?>
<testng-results skipped="0" failed="1" ignored="2" total="7" passed="4">
  <reporter-output>
  </reporter-output>
  <suite name="Default suite" duration-ms="18450" started-at="2019-11-03T14:19:55 IST" finished-at="2019-11-03T14:20:13 IST">
    <groups>
    </groups>
    <test name="Default test" duration-ms="18450" started-at="2019-11-03T14:19:55 IST" finished-at="2019-11-03T14:20:13 IST">
      <class name="javapackage.Radio">
        <test-method status="PASS" signature="LaunchBrowser()[pri:0, instance:javapackage.Radio@6c3152]" name="LaunchBrowser" is-config="true" duration-ms="16028" started-at="2019-11-03T14:19:39 IST" finished-at="2019-11-03T14:19:55 IST">
          <reporter-output>
          </reporter-output>
        </test-method> <!-- LaunchBrowser -->
        <test-method status="PASS" signature="Login()[pri:1, instance:javapackage.Radio@6c3152]" name="Login" duration-ms="17939" started-at="2019-11-03T14:19:55 IST" finished-at="2019-11-03T14:20:13 IST">
          <reporter-output>
          </reporter-output>
        </test-method> <!-- Login -->
        <test-method status="PASS" signature="Radiobutton()[pri:2, instance:javapackage.Radio@6c3152]" name="Radiobutton" duration-ms="152" started-at="2019-11-03T14:20:13 IST" finished-at="2019-11-03T14:20:13 IST">
          <reporter-output>
          </reporter-output>
        </test-method> <!-- Radiobutton -->
        <test-method status="PASS" signature="Closebrowser()[pri:0, instance:javapackage.Radio@6c3152]" name="Closebrowser" is-config="true" duration-ms="2206" started-at="2019-11-03T14:20:14 IST" finished-at="2019-11-03T14:20:16 IST">
          <reporter-output>
          </reporter-output>
        </test-method> <!-- Closebrowser -->
      </class> <!-- javapackage.Radio -->
      <class name="javapackage.TestNG">
        <test-method status="FAIL" signature="Login()[pri:1, instance:javapackage.TestNG@b494a6]" name="Login" duration-ms="2" started-at="2019-11-03T14:20:13 IST" finished-at="2019-11-03T14:20:13 IST">
          <exception class="java.lang.NullPointerException">
            <full-stacktrace>
              <![CDATA[java.lang.NullPointerException
at javapackage.TestNG.Login(TestNG.java:24)
at sun.reflect.NativeMethodAccessorImpl.invoke0(Native Method)
at sun.reflect.NativeMethodAccessorImpl.invoke(Unknown Source)
at sun.reflect.DelegatingMethodAccessorImpl.invoke(Unknown Source)
at java.lang.reflect.Method.invoke(Unknown Source)
at org.testng.internal.MethodInvocationHelper.invokeMethod(MethodInvocationHelper.java:133)
at org.testng.internal.TestInvoker.invokeMethod(TestInvoker.java:584)
at org.testng.internal.TestInvoker.invokeTestMethod(TestInvoker.java:172)
at org.testng.internal.MethodRunner.runInSequence(MethodRunner.java:46)
at org.testng.internal.TestInvoker$MethodInvocationAgent.invoke(TestInvoker.java:804)
at org.testng.internal.TestInvoker.invokeTestMethods(TestInvoker.java:145)
at org.testng.internal.TestMethodWorker.invokeTestMethods(TestMethodWorker.java:146)
at org.testng.internal.TestMethodWorker.run(TestMethodWorker.java:128)
at java.util.ArrayList.forEach(Unknown Source)
at org.testng.TestRunner.privateRun(TestRunner.java:770)
at org.testng.TestRunner.run(TestRunner.java:591)
at org.testng.SuiteRunner.runTest(SuiteRunner.java:402)
at org.testng.SuiteRunner.runSequentially(SuiteRunner.java:396)
at org.testng.SuiteRunner.privateRun(SuiteRunner.java:355)
at org.testng.SuiteRunner.run(SuiteRunner.java:304)
at org.testng.SuiteRunnerWorker.runSuite(SuiteRunnerWorker.java:53)
at org.testng.SuiteRunnerWorker.run(SuiteRunnerWorker.java:96)
at org.testng.TestNG.runSuitesSequentially(TestNG.java:1180)
at org.testng.TestNG.runSuitesLocally(TestNG.java:1102)
at org.testng.TestNG.runSuites(TestNG.java:1032)
at org.testng.TestNG.run(TestNG.java:1000)
at org.testng.remote.AbstractRemoteTestNG.run(AbstractRemoteTestNG.java:115)
at org.testng.remote.RemoteTestNG.initAndRun(RemoteTestNG.java:251)
at org.testng.remote.RemoteTestNG.main(RemoteTestNG.java:77)
]]>
            </full-stacktrace>
          </exception> <!-- java.lang.NullPointerException -->
          <reporter-output>
          </reporter-output>
        </test-method> <!-- Login -->
      </class> <!-- javapackage.TestNG -->
      <class name="javapackage.NewTest">
        <test-method status="PASS" signature="f(java.lang.Integer, java.lang.String)[pri:0, instance:javapackage.NewTest@ef309d]" name="f" duration-ms="2" started-at="2019-11-03T14:20:13 IST" data-provider="dp" finished-at="2019-11-03T14:20:13 IST">
          <params>
            <param index="0">
              <value>
                <![CDATA[1]]>
              </value>
            </param>
            <param index="1">
              <value>
                <![CDATA[a]]>
              </value>
            </param>
          </params>
          <reporter-output>
          </reporter-output>
        </test-method> <!-- f -->
        <test-method status="PASS" signature="f(java.lang.Integer, java.lang.String)[pri:0, instance:javapackage.NewTest@ef309d]" name="f" duration-ms="1" started-at="2019-11-03T14:20:13 IST" data-provider="dp" finished-at="2019-11-03T14:20:13 IST">
          <params>
            <param index="0">
              <value>
                <![CDATA[2]]>
              </value>
            </param>
            <param index="1">
              <value>
                <![CDATA[b]]>
              </value>
            </param>
          </params>
          <reporter-output>
          </reporter-output>
        </test-method> <!-- f -->
      </class> <!-- javapackage.NewTest -->
    </test> <!-- Default test -->
  </suite> <!-- Default suite -->
</testng-results>
